2024-05-30 13:54:34,037 [INFO] Activator:176 - 


2024-05-30 13:54:34,039 [INFO] Activator:177 - !SESSION log4j initialized
2024-05-30 13:54:37,611 [INFO] LogOutputStream:77 - [STDOUT_REDIRECT] 
2024-05-30 13:54:40,534 [INFO] ApplicationProperties:184 - Using Application install path: C:\ST\STM32CubeIDE_1.15.0\STM32CubeIDE\plugins\com.st.stm32cube.common.mx_6.11.0.202403141607
2024-05-30 13:54:40,555 [INFO] DbMcusXml:78 - Set database path to: C:\ST\STM32CubeIDE_1.15.0\STM32CubeIDE\plugins\com.st.stm32cube.common.mx_6.11.0.202403141607\\db\/mcu/
2024-05-30 13:54:40,556 [INFO] ApiDb:274 - Set plugin database path to: C:\ST\STM32CubeIDE_1.15.0\STM32CubeIDE\plugins\com.st.stm32cube.common.mx_6.11.0.202403141607\\db\/plugins/boardmanager/
2024-05-30 13:54:40,556 [WARN] ApiDb:259 - Overriding images path with different value:  => C:\ST\STM32CubeIDE_1.15.0\STM32CubeIDE\plugins\com.st.stm32cube.common.mx_6.11.0.202403141607\\db\/plugins/mcufinder/images/
2024-05-30 13:54:40,568 [INFO] ApiDb:250 - Set database path to: C:\Users\dawid.podziewski\.stmcufinder\plugins\mcufinder//mcu/
2024-05-30 13:54:40,570 [INFO] DbMcusAds:125 - Set database path to: C:\Users\dawid.podziewski\.stmcufinder\plugins\mcufinder//mcu/
2024-05-30 13:54:40,572 [INFO] CrossReferenceDbSqlite:203 - Set database path to: C:\Users\dawid.podziewski\.stmcufinder\plugins\mcufinder//mcu/cs/
2024-05-30 13:54:40,734 [INFO] RulesReader:64 - Compatibility file has been processed (297 Rules)
2024-05-30 13:54:40,956 [INFO] DbMcusXml:78 - Set database path to: C:\ST\STM32CubeIDE_1.15.0\STM32CubeIDE\plugins\com.st.stm32cube.common.mx_6.11.0.202403141607\\db\/mcu/
2024-05-30 13:54:40,956 [INFO] ApiDb:274 - Set plugin database path to: C:\ST\STM32CubeIDE_1.15.0\STM32CubeIDE\plugins\com.st.stm32cube.common.mx_6.11.0.202403141607\\db\/plugins/boardmanager/
2024-05-30 13:54:40,957 [INFO] ApiDb:261 - Set plugin images path to: C:\ST\STM32CubeIDE_1.15.0\STM32CubeIDE\plugins\com.st.stm32cube.common.mx_6.11.0.202403141607\\db\/plugins/mcufinder/images/
2024-05-30 13:54:40,957 [WARN] DbFile:41 - Overriding database path with different value: C:\Users\dawid.podziewski\.stmcufinder\plugins\mcufinder/ => C:\Users\dawid.podziewski\.stmcufinder\plugins\mcufinder
2024-05-30 13:54:40,957 [INFO] ApiDb:250 - Set database path to: C:\Users\dawid.podziewski\.stmcufinder\plugins\mcufinder//mcu/
2024-05-30 13:54:40,957 [WARN] DbFile:41 - Overriding database path with different value: C:\Users\dawid.podziewski\.stmcufinder\plugins\mcufinder/ => C:\Users\dawid.podziewski\.stmcufinder\plugins\mcufinder
2024-05-30 13:54:40,958 [INFO] DbMcusAds:125 - Set database path to: C:\Users\dawid.podziewski\.stmcufinder\plugins\mcufinder//mcu/
2024-05-30 13:54:40,958 [WARN] DbFile:41 - Overriding database path with different value: C:\Users\dawid.podziewski\.stmcufinder\plugins\mcufinder/ => C:\Users\dawid.podziewski\.stmcufinder\plugins\mcufinder
2024-05-30 13:54:40,958 [WARN] DbFile:41 - Overriding database path with different value: C:\Users\dawid.podziewski\.stmcufinder\plugins\mcufinder/ => C:\Users\dawid.podziewski\.stmcufinder\plugins\mcufinder
2024-05-30 13:54:40,958 [INFO] CrossReferenceDbSqlite:203 - Set database path to: C:\Users\dawid.podziewski\.stmcufinder\plugins\mcufinder//mcu/cs/
2024-05-30 13:54:41,078 [INFO] MainPanel:264 - HeapMemory: 268435456
2024-05-30 13:54:41,154 [INFO] DbMcusXml:78 - Set database path to: C:\ST\STM32CubeIDE_1.15.0\STM32CubeIDE\plugins\com.st.stm32cube.common.mx_6.11.0.202403141607\\db\/mcu/
2024-05-30 13:54:41,154 [INFO] ApiDb:274 - Set plugin database path to: C:\ST\STM32CubeIDE_1.15.0\STM32CubeIDE\plugins\com.st.stm32cube.common.mx_6.11.0.202403141607\\db\/plugins/boardmanager/
2024-05-30 13:54:41,154 [INFO] ApiDb:261 - Set plugin images path to: C:\ST\STM32CubeIDE_1.15.0\STM32CubeIDE\plugins\com.st.stm32cube.common.mx_6.11.0.202403141607\\db\/plugins/mcufinder/images/
2024-05-30 13:54:41,155 [WARN] DbFile:41 - Overriding database path with different value: C:\Users\dawid.podziewski\.stmcufinder\plugins\mcufinder/ => C:\Users\dawid.podziewski\.stmcufinder\plugins\mcufinder
2024-05-30 13:54:41,155 [INFO] ApiDb:250 - Set database path to: C:\Users\dawid.podziewski\.stmcufinder\plugins\mcufinder//mcu/
2024-05-30 13:54:41,155 [WARN] DbFile:41 - Overriding database path with different value: C:\Users\dawid.podziewski\.stmcufinder\plugins\mcufinder/ => C:\Users\dawid.podziewski\.stmcufinder\plugins\mcufinder
2024-05-30 13:54:41,155 [INFO] DbMcusAds:125 - Set database path to: C:\Users\dawid.podziewski\.stmcufinder\plugins\mcufinder//mcu/
2024-05-30 13:54:41,155 [WARN] DbFile:41 - Overriding database path with different value: C:\Users\dawid.podziewski\.stmcufinder\plugins\mcufinder/ => C:\Users\dawid.podziewski\.stmcufinder\plugins\mcufinder
2024-05-30 13:54:41,156 [WARN] DbFile:41 - Overriding database path with different value: C:\Users\dawid.podziewski\.stmcufinder\plugins\mcufinder/ => C:\Users\dawid.podziewski\.stmcufinder\plugins\mcufinder
2024-05-30 13:54:41,156 [INFO] CrossReferenceDbSqlite:203 - Set database path to: C:\Users\dawid.podziewski\.stmcufinder\plugins\mcufinder//mcu/cs/
2024-05-30 13:54:41,187 [INFO] ApplicationProperties:184 - Using Application install path: C:\ST\STM32CubeIDE_1.15.0\STM32CubeIDE\plugins\com.st.stm32cube.common.mx_6.11.0.202403141607
2024-05-30 13:54:41,189 [INFO] PluginManage:196 - Search for loadable plugins [exclusion list=, ]
2024-05-30 13:54:41,191 [INFO] PluginManage:310 - Check plugin analytics
2024-05-30 13:54:41,439 [INFO] AnalyticsPlugin:253 - Accepted Software Licenses: 
2024-05-30 13:54:41,439 [INFO] AnalyticsPlugin:255 - Accepted CMSIS Pack Licenses: 
2024-05-30 13:54:41,439 [INFO] AnalyticsPlugin:257 - Accepted Firmware Licenses: FW.F4.1.28.0
2024-05-30 13:54:41,445 [INFO] PluginManage:359 - Loaded plugin analytics (category:tool,tabindex:-1)
2024-05-30 13:54:41,445 [INFO] PluginManage:310 - Check plugin cadmodel
2024-05-30 13:54:41,453 [INFO] CADModel:105 - Init CAD model plugin
2024-05-30 13:54:41,453 [INFO] PluginManage:359 - Loaded plugin cadmodel (category:power,tabindex:5)
2024-05-30 13:54:41,456 [INFO] PluginManage:310 - Check plugin clock
2024-05-30 13:54:41,480 [INFO] PluginManage:359 - Loaded plugin clock (category:base,tabindex:2)
2024-05-30 13:54:41,481 [INFO] PluginManage:310 - Check plugin ddr
2024-05-30 13:54:41,484 [INFO] PluginManage:359 - Loaded plugin ddr (category:tool,tabindex:6)
2024-05-30 13:54:41,484 [INFO] PluginManage:310 - Check plugin filemanager
2024-05-30 13:54:41,706 [INFO] PluginManage:359 - Loaded plugin filemanager (category:base,tabindex:10)
2024-05-30 13:54:41,706 [INFO] PluginManage:310 - Check plugin ipmanager
2024-05-30 13:54:41,723 [INFO] PluginManage:359 - Loaded plugin ipmanager (category:base,tabindex:5)
2024-05-30 13:54:41,723 [INFO] PluginManage:310 - Check plugin lpbam
2024-05-30 13:54:41,735 [INFO] PluginManage:359 - Loaded plugin lpbam (category:base,tabindex:0)
2024-05-30 13:54:41,735 [INFO] PluginManage:310 - Check plugin memorymap
2024-05-30 13:54:41,749 [INFO] PluginManage:359 - Loaded plugin memorymap (category:base,tabindex:4)
2024-05-30 13:54:41,749 [INFO] PluginManage:310 - Check plugin pinoutandconfiguration
2024-05-30 13:54:41,758 [INFO] PluginManage:359 - Loaded plugin pinoutandconfiguration (category:base,tabindex:1)
2024-05-30 13:54:41,758 [INFO] PluginManage:310 - Check plugin pinoutconfig
2024-05-30 13:54:42,078 [WARN] SupportedApi:132 - Cannot load RTOS API schema: s4s-elt-must-match.1: The content of 'definitions' must match (annotation?, (simpleType | complexType)?, (unique | key | keyref)*)). A problem was found starting at: attribute.
2024-05-30 13:54:42,367 [INFO] PluginManage:359 - Loaded plugin pinoutconfig (category:base,tabindex:0)
2024-05-30 13:54:42,368 [INFO] PluginManage:310 - Check plugin power
2024-05-30 13:54:42,384 [INFO] PluginManage:359 - Loaded plugin power (category:power,tabindex:4)
2024-05-30 13:54:42,384 [INFO] PluginManage:310 - Check plugin projectmanager
2024-05-30 13:54:42,537 [INFO] PluginManage:359 - Loaded plugin projectmanager (category:projectmanager,tabindex:3)
2024-05-30 13:54:42,538 [INFO] PluginManage:310 - Check plugin thirdparty
2024-05-30 13:54:43,131 [INFO] PluginManage:359 - Loaded plugin thirdparty (category:base,tabindex:-1)
2024-05-30 13:54:43,131 [INFO] PluginManage:310 - Check plugin tools
2024-05-30 13:54:43,135 [WARN] IntegrityCheckThread:84 - waiting for thirdparty lock release [integrity check]
2024-05-30 13:54:43,135 [INFO] IntegrityCheckThread:86 - entering critical section [integrity check]
2024-05-30 13:54:43,136 [INFO] ThirdPartyUpdaterWithRetryManager:70 - Updater plugin not ready yet. [1/15]
2024-05-30 13:54:43,138 [INFO] PluginManage:359 - Loaded plugin tools (category:base,tabindex:7)
2024-05-30 13:54:43,139 [INFO] PluginManage:310 - Check plugin tutovideos
2024-05-30 13:54:43,453 [INFO] PluginManage:359 - Loaded plugin tutovideos (category:base,tabindex:-1)
2024-05-30 13:54:43,454 [INFO] PluginManage:310 - Check plugin updater
2024-05-30 13:54:43,468 [INFO] PluginManage:359 - Loaded plugin updater (category:base,tabindex:12)
2024-05-30 13:54:43,468 [INFO] PluginManage:310 - Check plugin userauth
2024-05-30 13:54:43,473 [INFO] UserAuth:114 - Init User Auth plugin
2024-05-30 13:54:43,474 [INFO] PluginManage:359 - Loaded plugin userauth (category:base,tabindex:14)
2024-05-30 13:54:43,474 [INFO] PluginManage:283 - PluginManage : Loaded plugins [17]
2024-05-30 13:55:15,922 [INFO] Activator:176 - 


2024-05-30 13:55:15,925 [INFO] Activator:177 - !SESSION log4j initialized
2024-05-30 13:55:20,043 [INFO] LogOutputStream:77 - [STDOUT_REDIRECT] 
2024-05-30 13:55:22,745 [INFO] ApplicationProperties:184 - Using Application install path: C:\ST\STM32CubeIDE_1.15.0\STM32CubeIDE\plugins\com.st.stm32cube.common.mx_6.11.0.202403141607
2024-05-30 13:55:22,766 [INFO] DbMcusXml:78 - Set database path to: C:\ST\STM32CubeIDE_1.15.0\STM32CubeIDE\plugins\com.st.stm32cube.common.mx_6.11.0.202403141607\\db\/mcu/
2024-05-30 13:55:22,766 [INFO] ApiDb:274 - Set plugin database path to: C:\ST\STM32CubeIDE_1.15.0\STM32CubeIDE\plugins\com.st.stm32cube.common.mx_6.11.0.202403141607\\db\/plugins/boardmanager/
2024-05-30 13:55:22,767 [WARN] ApiDb:259 - Overriding images path with different value:  => C:\ST\STM32CubeIDE_1.15.0\STM32CubeIDE\plugins\com.st.stm32cube.common.mx_6.11.0.202403141607\\db\/plugins/mcufinder/images/
2024-05-30 13:55:22,777 [INFO] ApiDb:250 - Set database path to: C:\Users\dawid.podziewski\.stmcufinder\plugins\mcufinder//mcu/
2024-05-30 13:55:22,778 [INFO] DbMcusAds:125 - Set database path to: C:\Users\dawid.podziewski\.stmcufinder\plugins\mcufinder//mcu/
2024-05-30 13:55:22,782 [INFO] CrossReferenceDbSqlite:203 - Set database path to: C:\Users\dawid.podziewski\.stmcufinder\plugins\mcufinder//mcu/cs/
2024-05-30 13:55:22,934 [INFO] RulesReader:64 - Compatibility file has been processed (297 Rules)
2024-05-30 13:55:23,075 [INFO] DbMcusXml:78 - Set database path to: C:\ST\STM32CubeIDE_1.15.0\STM32CubeIDE\plugins\com.st.stm32cube.common.mx_6.11.0.202403141607\\db\/mcu/
2024-05-30 13:55:23,076 [INFO] ApiDb:274 - Set plugin database path to: C:\ST\STM32CubeIDE_1.15.0\STM32CubeIDE\plugins\com.st.stm32cube.common.mx_6.11.0.202403141607\\db\/plugins/boardmanager/
2024-05-30 13:55:23,076 [INFO] ApiDb:261 - Set plugin images path to: C:\ST\STM32CubeIDE_1.15.0\STM32CubeIDE\plugins\com.st.stm32cube.common.mx_6.11.0.202403141607\\db\/plugins/mcufinder/images/
2024-05-30 13:55:23,076 [WARN] DbFile:41 - Overriding database path with different value: C:\Users\dawid.podziewski\.stmcufinder\plugins\mcufinder/ => C:\Users\dawid.podziewski\.stmcufinder\plugins\mcufinder
2024-05-30 13:55:23,076 [INFO] ApiDb:250 - Set database path to: C:\Users\dawid.podziewski\.stmcufinder\plugins\mcufinder//mcu/
2024-05-30 13:55:23,077 [WARN] DbFile:41 - Overriding database path with different value: C:\Users\dawid.podziewski\.stmcufinder\plugins\mcufinder/ => C:\Users\dawid.podziewski\.stmcufinder\plugins\mcufinder
2024-05-30 13:55:23,077 [INFO] DbMcusAds:125 - Set database path to: C:\Users\dawid.podziewski\.stmcufinder\plugins\mcufinder//mcu/
2024-05-30 13:55:23,077 [WARN] DbFile:41 - Overriding database path with different value: C:\Users\dawid.podziewski\.stmcufinder\plugins\mcufinder/ => C:\Users\dawid.podziewski\.stmcufinder\plugins\mcufinder
2024-05-30 13:55:23,077 [WARN] DbFile:41 - Overriding database path with different value: C:\Users\dawid.podziewski\.stmcufinder\plugins\mcufinder/ => C:\Users\dawid.podziewski\.stmcufinder\plugins\mcufinder
2024-05-30 13:55:23,077 [INFO] CrossReferenceDbSqlite:203 - Set database path to: C:\Users\dawid.podziewski\.stmcufinder\plugins\mcufinder//mcu/cs/
2024-05-30 13:55:23,186 [INFO] MainPanel:264 - HeapMemory: 268435456
2024-05-30 13:55:23,269 [INFO] DbMcusXml:78 - Set database path to: C:\ST\STM32CubeIDE_1.15.0\STM32CubeIDE\plugins\com.st.stm32cube.common.mx_6.11.0.202403141607\\db\/mcu/
2024-05-30 13:55:23,269 [INFO] ApiDb:274 - Set plugin database path to: C:\ST\STM32CubeIDE_1.15.0\STM32CubeIDE\plugins\com.st.stm32cube.common.mx_6.11.0.202403141607\\db\/plugins/boardmanager/
2024-05-30 13:55:23,269 [INFO] ApiDb:261 - Set plugin images path to: C:\ST\STM32CubeIDE_1.15.0\STM32CubeIDE\plugins\com.st.stm32cube.common.mx_6.11.0.202403141607\\db\/plugins/mcufinder/images/
2024-05-30 13:55:23,269 [WARN] DbFile:41 - Overriding database path with different value: C:\Users\dawid.podziewski\.stmcufinder\plugins\mcufinder/ => C:\Users\dawid.podziewski\.stmcufinder\plugins\mcufinder
2024-05-30 13:55:23,270 [INFO] ApiDb:250 - Set database path to: C:\Users\dawid.podziewski\.stmcufinder\plugins\mcufinder//mcu/
2024-05-30 13:55:23,270 [WARN] DbFile:41 - Overriding database path with different value: C:\Users\dawid.podziewski\.stmcufinder\plugins\mcufinder/ => C:\Users\dawid.podziewski\.stmcufinder\plugins\mcufinder
2024-05-30 13:55:23,270 [INFO] DbMcusAds:125 - Set database path to: C:\Users\dawid.podziewski\.stmcufinder\plugins\mcufinder//mcu/
2024-05-30 13:55:23,270 [WARN] DbFile:41 - Overriding database path with different value: C:\Users\dawid.podziewski\.stmcufinder\plugins\mcufinder/ => C:\Users\dawid.podziewski\.stmcufinder\plugins\mcufinder
2024-05-30 13:55:23,270 [WARN] DbFile:41 - Overriding database path with different value: C:\Users\dawid.podziewski\.stmcufinder\plugins\mcufinder/ => C:\Users\dawid.podziewski\.stmcufinder\plugins\mcufinder
2024-05-30 13:55:23,270 [INFO] CrossReferenceDbSqlite:203 - Set database path to: C:\Users\dawid.podziewski\.stmcufinder\plugins\mcufinder//mcu/cs/
2024-05-30 13:55:23,299 [INFO] ApplicationProperties:184 - Using Application install path: C:\ST\STM32CubeIDE_1.15.0\STM32CubeIDE\plugins\com.st.stm32cube.common.mx_6.11.0.202403141607
2024-05-30 13:55:23,301 [INFO] PluginManage:196 - Search for loadable plugins [exclusion list=, ]
2024-05-30 13:55:23,303 [INFO] PluginManage:310 - Check plugin analytics
2024-05-30 13:55:23,526 [INFO] AnalyticsPlugin:253 - Accepted Software Licenses: 
2024-05-30 13:55:23,527 [INFO] AnalyticsPlugin:255 - Accepted CMSIS Pack Licenses: 
2024-05-30 13:55:23,527 [INFO] AnalyticsPlugin:257 - Accepted Firmware Licenses: FW.F4.1.28.0
2024-05-30 13:55:23,534 [INFO] PluginManage:359 - Loaded plugin analytics (category:tool,tabindex:-1)
2024-05-30 13:55:23,534 [INFO] PluginManage:310 - Check plugin cadmodel
2024-05-30 13:55:23,539 [INFO] CADModel:105 - Init CAD model plugin
2024-05-30 13:55:23,540 [INFO] PluginManage:359 - Loaded plugin cadmodel (category:power,tabindex:5)
2024-05-30 13:55:23,540 [INFO] PluginManage:310 - Check plugin clock
2024-05-30 13:55:23,556 [INFO] PluginManage:359 - Loaded plugin clock (category:base,tabindex:2)
2024-05-30 13:55:23,556 [INFO] PluginManage:310 - Check plugin ddr
2024-05-30 13:55:23,560 [INFO] PluginManage:359 - Loaded plugin ddr (category:tool,tabindex:6)
2024-05-30 13:55:23,560 [INFO] PluginManage:310 - Check plugin filemanager
2024-05-30 13:55:23,772 [INFO] PluginManage:359 - Loaded plugin filemanager (category:base,tabindex:10)
2024-05-30 13:55:23,772 [INFO] PluginManage:310 - Check plugin ipmanager
2024-05-30 13:55:23,787 [INFO] PluginManage:359 - Loaded plugin ipmanager (category:base,tabindex:5)
2024-05-30 13:55:23,787 [INFO] PluginManage:310 - Check plugin lpbam
2024-05-30 13:55:23,798 [INFO] PluginManage:359 - Loaded plugin lpbam (category:base,tabindex:0)
2024-05-30 13:55:23,798 [INFO] PluginManage:310 - Check plugin memorymap
2024-05-30 13:55:23,810 [INFO] PluginManage:359 - Loaded plugin memorymap (category:base,tabindex:4)
2024-05-30 13:55:23,810 [INFO] PluginManage:310 - Check plugin pinoutandconfiguration
2024-05-30 13:55:23,823 [INFO] PluginManage:359 - Loaded plugin pinoutandconfiguration (category:base,tabindex:1)
2024-05-30 13:55:23,823 [INFO] PluginManage:310 - Check plugin pinoutconfig
2024-05-30 13:55:24,040 [WARN] SupportedApi:132 - Cannot load RTOS API schema: s4s-elt-must-match.1: The content of 'definitions' must match (annotation?, (simpleType | complexType)?, (unique | key | keyref)*)). A problem was found starting at: attribute.
2024-05-30 13:55:24,207 [INFO] PluginManage:359 - Loaded plugin pinoutconfig (category:base,tabindex:0)
2024-05-30 13:55:24,208 [INFO] PluginManage:310 - Check plugin power
2024-05-30 13:55:24,221 [INFO] PluginManage:359 - Loaded plugin power (category:power,tabindex:4)
2024-05-30 13:55:24,221 [INFO] PluginManage:310 - Check plugin projectmanager
2024-05-30 13:55:24,244 [INFO] PluginManage:359 - Loaded plugin projectmanager (category:projectmanager,tabindex:3)
2024-05-30 13:55:24,245 [INFO] PluginManage:310 - Check plugin thirdparty
2024-05-30 13:55:24,491 [INFO] PluginManage:359 - Loaded plugin thirdparty (category:base,tabindex:-1)
2024-05-30 13:55:24,491 [INFO] PluginManage:310 - Check plugin tools
2024-05-30 13:55:24,497 [INFO] PluginManage:359 - Loaded plugin tools (category:base,tabindex:7)
2024-05-30 13:55:24,497 [INFO] PluginManage:310 - Check plugin tutovideos
2024-05-30 13:55:24,504 [WARN] IntegrityCheckThread:84 - waiting for thirdparty lock release [integrity check]
2024-05-30 13:55:24,519 [INFO] IntegrityCheckThread:86 - entering critical section [integrity check]
2024-05-30 13:55:24,520 [INFO] ThirdPartyUpdaterWithRetryManager:70 - Updater plugin not ready yet. [1/15]
2024-05-30 13:55:24,792 [INFO] PluginManage:359 - Loaded plugin tutovideos (category:base,tabindex:-1)
2024-05-30 13:55:24,793 [INFO] PluginManage:310 - Check plugin updater
2024-05-30 13:55:24,819 [INFO] PluginManage:359 - Loaded plugin updater (category:base,tabindex:12)
2024-05-30 13:55:24,819 [INFO] PluginManage:310 - Check plugin userauth
2024-05-30 13:55:24,826 [INFO] UserAuth:114 - Init User Auth plugin
2024-05-30 13:55:24,827 [INFO] PluginManage:359 - Loaded plugin userauth (category:base,tabindex:14)
2024-05-30 13:55:24,827 [INFO] PluginManage:283 - PluginManage : Loaded plugins [17]
2024-05-30 13:55:25,224 [INFO] PinOutPanel:1561 - setPackage(No Configuration,No Configuration)
2024-05-30 13:55:25,377 [INFO] CADModel:165 - CPN selected for project level
2024-05-30 13:55:25,377 [INFO] CADModel:114 - Register for checkConnection events
2024-05-30 13:55:25,399 [INFO] IPUIPlugin:80 - create IPUIPlugin
2024-05-30 13:55:25,399 [INFO] PluginManager:220 - loadIPPluginJar : add adc
2024-05-30 13:55:25,402 [INFO] IPUIPlugin:80 - create IPUIPlugin
2024-05-30 13:55:25,402 [INFO] PluginManager:220 - loadIPPluginJar : add aes
2024-05-30 13:55:25,406 [INFO] IPUIPlugin:80 - create IPUIPlugin
2024-05-30 13:55:25,406 [INFO] PluginManager:220 - loadIPPluginJar : add can
2024-05-30 13:55:25,408 [INFO] IPUIPlugin:80 - create IPUIPlugin
2024-05-30 13:55:25,409 [INFO] PluginManager:220 - loadIPPluginJar : add comp
2024-05-30 13:55:25,412 [INFO] IPUIPlugin:80 - create IPUIPlugin
2024-05-30 13:55:25,413 [INFO] PluginManager:220 - loadIPPluginJar : add cryp
2024-05-30 13:55:25,417 [INFO] IPUIPlugin:80 - create IPUIPlugin
2024-05-30 13:55:25,417 [INFO] PluginManager:220 - loadIPPluginJar : add dfsdm
2024-05-30 13:55:25,423 [INFO] IPUIPlugin:80 - create IPUIPlugin
2024-05-30 13:55:25,424 [INFO] PluginManager:220 - loadIPPluginJar : add dma
2024-05-30 13:55:25,427 [INFO] IPUIPlugin:80 - create IPUIPlugin
2024-05-30 13:55:25,427 [INFO] PluginManager:220 - loadIPPluginJar : add dma3
2024-05-30 13:55:25,433 [INFO] IPUIPlugin:80 - create IPUIPlugin
2024-05-30 13:55:25,433 [INFO] PluginManager:220 - loadIPPluginJar : add extmemmanager
2024-05-30 13:55:25,435 [INFO] IPUIPlugin:80 - create IPUIPlugin
2024-05-30 13:55:25,435 [INFO] PluginManager:220 - loadIPPluginJar : add fatfs
2024-05-30 13:55:25,441 [INFO] IPUIPlugin:80 - create IPUIPlugin
2024-05-30 13:55:25,441 [INFO] PluginManager:220 - loadIPPluginJar : add fmc
2024-05-30 13:55:25,448 [INFO] IPUIPlugin:80 - create IPUIPlugin
2024-05-30 13:55:25,448 [INFO] PluginManager:220 - loadIPPluginJar : add freertos
2024-05-30 13:55:25,451 [INFO] IPUIPlugin:80 - create IPUIPlugin
2024-05-30 13:55:25,451 [INFO] PluginManager:220 - loadIPPluginJar : add genericplugin
2024-05-30 13:55:25,454 [INFO] IPUIPlugin:80 - create IPUIPlugin
2024-05-30 13:55:25,454 [INFO] PluginManager:220 - loadIPPluginJar : add gfxmmu
2024-05-30 13:55:25,460 [INFO] IPUIPlugin:80 - create IPUIPlugin
2024-05-30 13:55:25,460 [INFO] PluginManager:220 - loadIPPluginJar : add gic
2024-05-30 13:55:25,466 [INFO] IPUIPlugin:80 - create IPUIPlugin
2024-05-30 13:55:25,467 [INFO] PluginManager:220 - loadIPPluginJar : add gpio
2024-05-30 13:55:25,470 [INFO] IPUIPlugin:80 - create IPUIPlugin
2024-05-30 13:55:25,470 [INFO] PluginManager:220 - loadIPPluginJar : add gtzc
2024-05-30 13:55:25,472 [INFO] IPUIPlugin:80 - create IPUIPlugin
2024-05-30 13:55:25,473 [INFO] PluginManager:220 - loadIPPluginJar : add hash
2024-05-30 13:55:25,476 [INFO] IPUIPlugin:80 - create IPUIPlugin
2024-05-30 13:55:25,476 [INFO] PluginManager:220 - loadIPPluginJar : add i2c
2024-05-30 13:55:25,480 [INFO] IPUIPlugin:80 - create IPUIPlugin
2024-05-30 13:55:25,481 [INFO] PluginManager:220 - loadIPPluginJar : add i2s
2024-05-30 13:55:25,484 [INFO] IPUIPlugin:80 - create IPUIPlugin
2024-05-30 13:55:25,484 [INFO] PluginManager:220 - loadIPPluginJar : add i3c
2024-05-30 13:55:25,488 [INFO] IPUIPlugin:80 - create IPUIPlugin
2024-05-30 13:55:25,488 [INFO] PluginManager:220 - loadIPPluginJar : add ipddr
2024-05-30 13:55:25,496 [INFO] IPUIPlugin:80 - create IPUIPlugin
2024-05-30 13:55:25,497 [INFO] PluginManager:220 - loadIPPluginJar : add linkedlist
2024-05-30 13:55:25,500 [INFO] IPUIPlugin:80 - create IPUIPlugin
2024-05-30 13:55:25,500 [INFO] PluginManager:220 - loadIPPluginJar : add lorawan
2024-05-30 13:55:25,502 [INFO] IPUIPlugin:80 - create IPUIPlugin
2024-05-30 13:55:25,502 [INFO] PluginManager:220 - loadIPPluginJar : add ltdc
2024-05-30 13:55:25,508 [INFO] IPUIPlugin:80 - create IPUIPlugin
2024-05-30 13:55:25,508 [INFO] PluginManager:220 - loadIPPluginJar : add mdma
2024-05-30 13:55:25,512 [INFO] IPUIPlugin:80 - create IPUIPlugin
2024-05-30 13:55:25,513 [INFO] PluginManager:220 - loadIPPluginJar : add nvic
2024-05-30 13:55:25,516 [INFO] IPUIPlugin:80 - create IPUIPlugin
2024-05-30 13:55:25,516 [INFO] PluginManager:220 - loadIPPluginJar : add opamp
2024-05-30 13:55:25,520 [INFO] IPUIPlugin:80 - create IPUIPlugin
2024-05-30 13:55:25,521 [INFO] PluginManager:220 - loadIPPluginJar : add openamp
2024-05-30 13:55:25,524 [INFO] IPUIPlugin:80 - create IPUIPlugin
2024-05-30 13:55:25,524 [INFO] PluginManager:220 - loadIPPluginJar : add pdm2pcm
2024-05-30 13:55:25,533 [INFO] IPUIPlugin:80 - create IPUIPlugin
2024-05-30 13:55:25,536 [INFO] PluginManager:220 - loadIPPluginJar : add plateformsettings
2024-05-30 13:55:25,538 [INFO] IPUIPlugin:80 - create IPUIPlugin
2024-05-30 13:55:25,538 [INFO] PluginManager:220 - loadIPPluginJar : add quadspi
2024-05-30 13:55:25,542 [INFO] IPUIPlugin:80 - create IPUIPlugin
2024-05-30 13:55:25,542 [INFO] PluginManager:220 - loadIPPluginJar : add resmgrutility
2024-05-30 13:55:25,548 [INFO] IPUIPlugin:80 - create IPUIPlugin
2024-05-30 13:55:25,548 [INFO] PluginManager:220 - loadIPPluginJar : add sai
2024-05-30 13:55:25,552 [INFO] IPUIPlugin:80 - create IPUIPlugin
2024-05-30 13:55:25,552 [INFO] PluginManager:220 - loadIPPluginJar : add spi
2024-05-30 13:55:25,557 [INFO] IPUIPlugin:80 - create IPUIPlugin
2024-05-30 13:55:25,557 [INFO] PluginManager:220 - loadIPPluginJar : add stm32_wpan
2024-05-30 13:55:25,560 [INFO] IPUIPlugin:80 - create IPUIPlugin
2024-05-30 13:55:25,560 [INFO] PluginManager:220 - loadIPPluginJar : add tim
2024-05-30 13:55:25,566 [INFO] IPUIPlugin:80 - create IPUIPlugin
2024-05-30 13:55:25,566 [INFO] PluginManager:220 - loadIPPluginJar : add touchsensing
2024-05-30 13:55:25,568 [INFO] IPUIPlugin:80 - create IPUIPlugin
2024-05-30 13:55:25,569 [INFO] PluginManager:220 - loadIPPluginJar : add tracer_emb
2024-05-30 13:55:25,571 [INFO] IPUIPlugin:80 - create IPUIPlugin
2024-05-30 13:55:25,571 [INFO] PluginManager:220 - loadIPPluginJar : add ts
2024-05-30 13:55:25,573 [INFO] IPUIPlugin:80 - create IPUIPlugin
2024-05-30 13:55:25,573 [INFO] PluginManager:220 - loadIPPluginJar : add tsc
2024-05-30 13:55:25,576 [INFO] IPUIPlugin:80 - create IPUIPlugin
2024-05-30 13:55:25,576 [INFO] PluginManager:220 - loadIPPluginJar : add ucpd
2024-05-30 13:55:25,582 [INFO] IPUIPlugin:80 - create IPUIPlugin
2024-05-30 13:55:25,582 [INFO] PluginManager:220 - loadIPPluginJar : add usart
2024-05-30 13:55:25,585 [INFO] IPUIPlugin:80 - create IPUIPlugin
2024-05-30 13:55:25,586 [INFO] PluginManager:220 - loadIPPluginJar : add usbx
2024-05-30 13:55:25,747 [INFO] CADModel:165 - CPN selected for project level
2024-05-30 13:55:25,748 [INFO] CADModel:114 - Register for checkConnection events
2024-05-30 13:55:25,748 [FATAL] Updater:308 - Updater called before beeing initialized
2024-05-30 13:55:25,749 [ERROR] CADModel:125 - Updater not yet initialized, retry later 
2024-05-30 13:55:25,898 [INFO] CADModel:165 - CPN selected for project level
2024-05-30 13:55:25,898 [INFO] CADModel:114 - Register for checkConnection events
2024-05-30 13:55:25,898 [FATAL] Updater:308 - Updater called before beeing initialized
2024-05-30 13:55:25,899 [ERROR] CADModel:125 - Updater not yet initialized, retry later 
2024-05-30 13:55:25,902 [FATAL] Updater:308 - Updater called before beeing initialized
2024-05-30 13:55:26,080 [FATAL] Updater:308 - Updater called before beeing initialized
2024-05-30 13:55:26,085 [INFO] DbMcusAds:53 - JSON generation date=Thu May 16 11:22:00 CEST 2024 (1715851320852)
2024-05-30 13:55:26,085 [FATAL] Updater:308 - Updater called before beeing initialized
2024-05-30 13:55:26,135 [WARN] DetailPanel:346 - Failed to get advertising image, set to default
2024-05-30 13:55:26,274 [FATAL] Updater:308 - Updater called before beeing initialized
2024-05-30 13:55:26,275 [FATAL] Updater:308 - Updater called before beeing initialized
2024-05-30 13:55:26,275 [FATAL] Updater:308 - Updater called before beeing initialized
2024-05-30 13:55:26,275 [WARN] DetailPanel:346 - Failed to get advertising image, set to default
2024-05-30 13:55:26,276 [FATAL] Updater:308 - Updater called before beeing initialized
2024-05-30 13:55:26,351 [ERROR] Updater:1120 - MainUpdater not yet initialized. External WinMGr cannot be set.
2024-05-30 13:55:26,354 [INFO] Updater:1056 - Updater Version found : 6.11.0
2024-05-30 13:55:26,373 [INFO] ApplicationProperties:184 - Using Application install path: C:\ST\STM32CubeIDE_1.15.0\STM32CubeIDE\plugins\com.st.stm32cube.common.mx_6.11.0.202403141607
2024-05-30 13:55:27,521 [INFO] ThirdPartyUpdaterWithRetryManager:70 - Updater plugin not ready yet. [2/15]
2024-05-30 13:55:27,964 [ERROR] LogOutputStream:75 - [STDERR_REDIRECT] May 30, 2024 1:55:27 PM java.util.prefs.WindowsPreferences <init>
2024-05-30 13:55:27,972 [ERROR] LogOutputStream:75 - [STDERR_REDIRECT] WARNING: Could not open/create prefs root node Software\JavaSoft\Prefs at root 0xffffffff80000002. Windows RegCreateKeyEx(...) returned error code 5.
2024-05-30 13:55:27,972 [ERROR] LogOutputStream:75 - [STDERR_REDIRECT] 
2024-05-30 13:55:28,377 [INFO] MainUpdater:2873 - connection check result : 10
2024-05-30 13:55:28,378 [INFO] MainUpdater:290 - Updater Check For Update Now.
2024-05-30 13:55:28,379 [INFO] MicroXplorer:498 - Change Database Version : DB.6.0.110
2024-05-30 13:55:28,388 [INFO] McuFinderGlobals:63 - Set McuFinder mode to 2 (CubeIDE integrated)
2024-05-30 13:55:28,395 [INFO] UserAuth:415 - Internet connection configuration mode: 1
2024-05-30 13:55:28,414 [INFO] JxBrowserEngine:152 - Initiate JxBrowser Engine with user profile folder
2024-05-30 13:55:28,606 [INFO] CheckServerUpdateThread:120 - End of CheckServer Thread
2024-05-30 13:55:29,924 [INFO] WebApp:161 - Instantiating new browser for Auth
2024-05-30 13:55:30,968 [WARN] PackLoader:240 - Cannot read IP mode file for STMicroelectronics.FP-SNS-MOTENVWB1.1.4.0
2024-05-30 13:55:30,985 [WARN] PackLoader:240 - Cannot read IP mode file for STMicroelectronics.X-CUBE-SMBUS.2.1.0
2024-05-30 13:55:30,992 [WARN] PackLoader:240 - Cannot read IP mode file for STMicroelectronics.X-CUBE-TOUCHGFX.4.23.2
2024-05-30 13:55:31,033 [WARN] PackLoader:240 - Cannot read IP mode file for STMicroelectronics.X-CUBE-AZRTOS-F7.1.1.0
2024-05-30 13:55:31,048 [WARN] PackLoader:240 - Cannot read IP mode file for STMicroelectronics.FP-SNS-FLIGHT1.5.0.2
2024-05-30 13:55:31,062 [WARN] PackLoader:240 - Cannot read IP mode file for STMicroelectronics.X-CUBE-DISPLAY.3.0.0
2024-05-30 13:55:31,082 [WARN] PackLoader:240 - Cannot read IP mode file for STMicroelectronics.X-CUBE-BLE1.7.0.0
2024-05-30 13:55:31,094 [WARN] PackLoader:240 - Cannot read IP mode file for emotas.I-CUBE-CANOPEN.1.3.0
2024-05-30 13:55:31,112 [WARN] PackLoader:240 - Cannot read IP mode file for STMicroelectronics.X-CUBE-BLEMGR.3.1.0
2024-05-30 13:55:31,124 [WARN] PackLoader:240 - Cannot read IP mode file for STMicroelectronics.FP-SNS-SMARTAG2.1.2.0
2024-05-30 13:55:31,141 [INFO] LogOutputStream:77 - [STDOUT_REDIRECT] 1 : Invalid condition id : UX_CORESTACK_Condition cause : null
2024-05-30 13:55:31,141 [INFO] LogOutputStream:77 - [STDOUT_REDIRECT] 1 : Invalid condition id : UX_CORESTACK_Condition cause : null
2024-05-30 13:55:31,144 [INFO] LogOutputStream:77 - [STDOUT_REDIRECT] 1 : Invalid condition id : UX_CORESTACK_Condition cause : null
2024-05-30 13:55:31,145 [INFO] LogOutputStream:77 - [STDOUT_REDIRECT] 1 : Invalid condition id : UX_CORESTACK_Condition cause : null
2024-05-30 13:55:31,147 [INFO] LogOutputStream:77 - [STDOUT_REDIRECT] 1 : Invalid condition id : UX_CORESTACK_Condition cause : null
2024-05-30 13:55:31,152 [WARN] PackLoader:240 - Cannot read IP mode file for STMicroelectronics.X-CUBE-AZRTOS-WL.2.0.0
2024-05-30 13:55:31,162 [WARN] PackLoader:240 - Cannot read IP mode file for STMicroelectronics.FP-SNS-MOTENV1.5.0.0
2024-05-30 13:55:31,178 [WARN] PackLoader:240 - Cannot read IP mode file for WES.I-CUBE-Cesium.1.3.0
2024-05-30 13:55:31,188 [WARN] PackLoader:240 - Cannot read IP mode file for STMicroelectronics.X-CUBE-BLE2.3.3.0
2024-05-30 13:55:31,204 [WARN] PackLoader:240 - Cannot read IP mode file for STMicroelectronics.X-CUBE-TCPP.4.1.0
2024-05-30 13:55:31,218 [WARN] PackLoader:240 - Cannot read IP mode file for STMicroelectronics.X-CUBE-ALGOBUILD.1.3.0
2024-05-30 13:55:31,238 [WARN] PackLoader:240 - Cannot read IP mode file for STMicroelectronics.X-CUBE-AZRTOS-G0.1.1.0
2024-05-30 13:55:31,251 [WARN] PackLoader:240 - Cannot read IP mode file for STMicroelectronics.X-CUBE-SAFEA1.1.2.2
2024-05-30 13:55:31,260 [WARN] PackLoader:240 - Cannot read IP mode file for STMicroelectronics.X-CUBE-NFC4.3.0.0
2024-05-30 13:55:31,269 [WARN] PackLoader:240 - Cannot read IP mode file for wolfSSL.I-CUBE-wolfSSL.5.7.0
2024-05-30 13:55:31,276 [WARN] PackLoader:240 - Cannot read IP mode file for STMicroelectronics.FP-ATR-SIGFOX1.3.2.0
2024-05-30 13:55:31,287 [WARN] PackLoader:240 - Cannot read IP mode file for STMicroelectronics.X-CUBE-EEPRMA1.5.1.0
2024-05-30 13:55:31,300 [WARN] PackLoader:240 - Cannot read IP mode file for ITTIA_DB.I-CUBE-ITTIADB.8.9.0
2024-05-30 13:55:31,357 [WARN] PackLoader:240 - Cannot read IP mode file for SEGGER.I-CUBE-embOS.1.3.1
2024-05-30 13:55:31,419 [WARN] PackLoader:240 - Cannot read IP mode file for STMicroelectronics.X-CUBE-ALGOBUILD.1.4.0
2024-05-30 13:55:31,427 [WARN] PackLoader:240 - Cannot read IP mode file for STMicroelectronics.X-CUBE-GNSS1.6.0.0
2024-05-30 13:55:31,449 [WARN] PackLoader:240 - Cannot read IP mode file for STMicroelectronics.X-CUBE-AZRTOS-F4.1.1.0
2024-05-30 13:55:31,461 [WARN] PackLoader:240 - Cannot read IP mode file for STMicroelectronics.X-CUBE-FREERTOS.1.2.0
2024-05-30 13:55:31,487 [WARN] PackLoader:240 - Cannot read IP mode file for STMicroelectronics.X-CUBE-AZRTOS-L5.2.0.0
2024-05-30 13:55:31,506 [WARN] PackLoader:240 - Cannot read IP mode file for STMicroelectronics.X-CUBE-NFC6.3.1.0
2024-05-30 13:55:31,519 [WARN] PackLoader:240 - Cannot read IP mode file for STMicroelectronics.X-CUBE-AI.9.0.0
2024-05-30 13:55:31,530 [WARN] PackLoader:240 - Cannot read IP mode file for STMicroelectronics.X-CUBE-NFC7.1.0.1
2024-05-30 13:55:31,553 [WARN] ConditionMgr:438 - getConditionDescription Invalid condition id : LAN8742 Phy interface Condition cause : null
2024-05-30 13:55:31,554 [WARN] PackLoader:240 - Cannot read IP mode file for STMicroelectronics.X-CUBE-AZRTOS-L4.2.0.0
2024-05-30 13:55:31,555 [WARN] ConditionMgr:1039 - genDependencies : Invalid condition id : LAN8742 Phy interface Condition cause : null
2024-05-30 13:55:31,556 [WARN] ConditionMgr:1039 - genDependencies : Invalid condition id : LAN8742 Phy interface Condition cause : null
2024-05-30 13:55:31,556 [WARN] ConditionMgr:1039 - genDependencies : Invalid condition id : LAN8742 Phy interface Condition cause : null
2024-05-30 13:55:31,570 [WARN] PackLoader:240 - Cannot read IP mode file for STMicroelectronics.X-CUBE-SFXS2LP1.4.0.0
2024-05-30 13:55:31,590 [WARN] ConditionMgr:438 - getConditionDescription Invalid condition id : UX DEVICE CLASS RTOS Condition cause : null
2024-05-30 13:55:31,591 [WARN] ConditionMgr:438 - getConditionDescription Invalid condition id : UX DEVICE CLASS RTOS Condition cause : null
2024-05-30 13:55:31,597 [WARN] PackLoader:240 - Cannot read IP mode file for STMicroelectronics.X-CUBE-AZRTOS-WB.2.0.0
2024-05-30 13:55:31,598 [WARN] ConditionMgr:1039 - genDependencies : Invalid condition id : UX DEVICE CLASS RTOS Condition cause : null
2024-05-30 13:55:31,598 [WARN] ConditionMgr:1039 - genDependencies : Invalid condition id : UX DEVICE CLASS RTOS Condition cause : null
2024-05-30 13:55:31,599 [WARN] ConditionMgr:1039 - genDependencies : Invalid condition id : UX DEVICE CLASS RTOS Condition cause : null
2024-05-30 13:55:31,600 [WARN] ConditionMgr:1039 - genDependencies : Invalid condition id : UX DEVICE CLASS RTOS Condition cause : null
2024-05-30 13:55:31,600 [WARN] ConditionMgr:1039 - genDependencies : Invalid condition id : UX DEVICE CLASS RTOS Condition cause : null
2024-05-30 13:55:31,614 [WARN] PackLoader:240 - Cannot read IP mode file for STMicroelectronics.X-CUBE-SUBG2.5.0.0
2024-05-30 13:55:31,637 [WARN] PackLoader:240 - Cannot read IP mode file for STMicroelectronics.X-CUBE-AZRTOS-G4.2.0.0
2024-05-30 13:55:31,647 [WARN] PackLoader:240 - Cannot read IP mode file for STMicroelectronics.X-CUBE-ISPU.2.0.0
2024-05-30 13:55:31,654 [WARN] PackLoader:240 - Cannot read IP mode file for STMicroelectronics.X-CUBE-ALS.1.0.2
2024-05-30 13:55:31,717 [WARN] PackLoader:240 - Cannot read IP mode file for STMicroelectronics.X-CUBE-MEMS1.10.0.0
2024-05-30 13:55:31,871 [WARN] PackLoader:240 - Cannot read IP mode file for portGmbH.I-Cube-SoM-uGOAL.1.1.0
2024-05-30 13:55:31,875 [WARN] PackLoader:240 - Cannot read IP mode file for STMicroelectronics.X-CUBE-ALS.1.0.1
2024-05-30 13:55:31,897 [WARN] PackLoader:240 - Cannot read IP mode file for STMicroelectronics.X-CUBE-AZRTOS-H7RS.1.0.0
2024-05-30 13:55:31,905 [WARN] PackLoader:240 - Cannot read IP mode file for STMicroelectronics.FP-ATR-ASTRA1.2.0.0
2024-05-30 13:55:31,920 [WARN] PackLoader:240 - Cannot read IP mode file for STMicroelectronics.X-CUBE-TOF1.3.4.1
2024-05-30 13:55:31,951 [WARN] PackLoader:240 - Cannot read IP mode file for STMicroelectronics.X-CUBE-AZRTOS-H7.3.2.0
2024-05-30 13:55:31,973 [WARN] PackLoader:240 - Cannot read IP mode file for Infineon.AIROC-Wi-Fi-Bluetooth-STM32.1.6.0
2024-05-30 13:55:31,978 [INFO] ThirdParty:978 - Integrity check success = true
2024-05-30 13:55:31,984 [INFO] IntegrityCheckThread:100 - exiting critical section [integrity check]
2024-05-30 13:55:31,986 [INFO] IntegrityCheckThread:103 - End integrity checks thread
2024-05-30 13:55:32,342 [INFO] WebApp:779 - Register for checkConnection events
2024-05-30 13:55:32,342 [INFO] WebApp:414 - Apply proxy settings
2024-05-30 13:55:32,343 [INFO] WebApp:499 - Chromium requires no authentication
2024-05-30 13:55:32,352 [INFO] WebApp:442 - Direct internet connection detected
2024-05-30 13:55:32,547 [INFO] WebApp:192 - Starting web application
2024-05-30 13:55:32,548 [INFO] WebApp:544 - Web application path used C:\ST\STM32CubeIDE_1.15.0\STM32CubeIDE\plugins\com.st.stm32cube.common.mx_6.11.0.202403141607\db\plugins\mcufinder\reactClient1\index.html
2024-05-30 14:06:27,776 [ERROR] LogOutputStream:75 - [STDERR_REDIRECT] 
2024-05-30 14:06:27,777 [ERROR] LogOutputStream:75 - [STDERR_REDIRECT] 
